0 info it worked if it ends with ok
1 verbose cli [ 'node', '/usr/local/bin/npm', 'info' ]
2 info using npm@2.1.18
3 info using node@v1.0.1
4 verbose node symlink /usr/local/bin/node
5 verbose stack Error: Invalid package.json
5 verbose stack     at /usr/local/lib/node_modules/npm/lib/view.js:79:30
5 verbose stack     at /usr/local/lib/node_modules/npm/node_modules/read-package-json/read-json.js:51:40
5 verbose stack     at final (/usr/local/lib/node_modules/npm/node_modules/read-package-json/read-json.js:349:17)
5 verbose stack     at then (/usr/local/lib/node_modules/npm/node_modules/read-package-json/read-json.js:126:33)
5 verbose stack     at /usr/local/lib/node_modules/npm/node_modules/read-package-json/read-json.js:331:40
5 verbose stack     at evalmachine.<anonymous>:313:14
5 verbose stack     at /usr/local/lib/node_modules/npm/node_modules/graceful-fs/graceful-fs.js:102:5
5 verbose stack     at FSReqWrap.oncomplete (evalmachine.<anonymous>:76:15)
6 verbose cwd /Users/daynin/Documents/projects/realtors-project
7 error Darwin 14.0.0
8 error argv "node" "/usr/local/bin/npm" "info"
9 error node v1.0.1
10 error npm  v2.1.18
11 error Invalid package.json
12 error If you need help, you may report this error at:
12 error     <http://github.com/npm/npm/issues>
13 verbose exit [ 1, true ]
